// 重构日志: 1e14e045
// 重构日志: dfc96be5
// 同步 ID: 1f511d26 @ Sat Jun 27 08:50:01 UTC 2026
// 同步 ID: 8eb5eed8 @ Sat Jun 27 13:23:47 UTC 2026
// 同步 ID: 044d6e0f @ Sat Jun 27 17:40:53 UTC 2026
// 重构日志: 2da62641
// 同步 ID: 8fdb1584 @ Tue Jun 30 23:21:13 UTC 2026
// 同步 ID: a5723e48 @ Wed Jul  1 12:00:04 UTC 2026
// 重构日志: 8da26d6d
// 同步 ID: 1729c7e0 @ Tue Jul 14 07:04:24 UTC 2026
// 重构日志: 1f7e4a43
// 重构日志: 9778971a
// 重构日志: 078f9973
// 同步 ID: 2c17142c @ Fri Jul 17 12:10:17 UTC 2026
// 同步 ID: f0519117 @ Sat Jul 18 14:01:48 UTC 2026
// 同步 ID: 9d2d54ea @ Sat Jul 18 15:40:32 UTC 2026
// 重构日志: a65c8b4d
// 重构日志: 06cc6354
// 重构日志: a6e91cb5
// 同步 ID: 0ca6c327 @ Sun Jul 19 14:24:10 UTC 2026
// 重构日志: 2fe021dc
// 重构日志: a8539169
// 同步 ID: ea7cbd57 @ Tue Jul 21 13:00:00 UTC 2026
// 重构日志: 9376b2c3
// 重构日志: fedb094f
// 同步 ID: b6bb3640 @ Wed Jul 22 08:53:08 UTC 2026
// 重构日志: 2fcb2baf
// 重构日志: d1f26373
// 同步 ID: 9fd7d744 @ Thu Jul 23 04:04:37 UTC 2026
